<?xml version="1.0" encoding="UTF-8"?>
<!-- Generated by org.testng.reporters.JUnitReportReporter -->
<testsuite hostname="Udits-Air" failures="0" tests="1" name="TestNG2" time="0.001" errors="0" timestamp="2022-04-03T12:58:21 IST" skipped="0">
  <testcase classname="TestNG2" name="TestCase4" time="0.001"/>
  <system-out/>
</testsuite> <!-- TestNG2 -->
